-------------------------------------------------------------------------------
Test set: SharpAndClean.services.TestRegisterFeature
-------------------------------------------------------------------------------
Tests run: 3, Failures: 1, Errors: 0, Skipped: 0, Time elapsed: 0.429 s <<< FAILURE! - in SharpAndClean.services.TestRegisterFeature
testRegistrationSuccess  Time elapsed: 0.041 s  <<< FAILURE!
org.opentest4j.AssertionFailedError: 
	at SharpAndClean.services.TestRegisterFeature.testRegistrationSuccess(TestRegisterFeature.java:36)

